<?xml version="1.0" encoding="UTF-8"?>
<!-- Generated by org.testng.reporters.JUnitReportReporter -->
<testsuite hostname="LAPTOP-SGUGESDN" name="TestGITFirst.TestGITFirst.App" tests="1" failures="0" timestamp="29 Dec 2017 18:23:26 GMT" time="0.034" errors="0">
  <testcase name="test" time="0.034" classname="TestGITFirst.TestGITFirst.App"/>
</testsuite> <!-- TestGITFirst.TestGITFirst.App -->
